<?xml version="1.0" encoding="UTF-8"?>
<!-- Generated by org.testng.reporters.JUnitReportReporter -->
<testsuite hostname="DESKTOP-T0TP40M" failures="0" tests="1" name="packageofamazon.Project_Maven_Amazon.TestCase2" time="48.685" errors="0" timestamp="2025-05-11T21:39:52 IST" skipped="0">
  <testcase classname="packageofamazon.Project_Maven_Amazon.TestCase2" name="login_search_wishlist_cart_logout" time="48.685"/>
</testsuite> <!-- packageofamazon.Project_Maven_Amazon.TestCase2 -->
