<?xml version="1.0" encoding="UTF-8"?>
<!-- Generated by org.testng.reporters.JUnitReportReporter -->
<testsuite hostname="DESKTOP-T0TP40M" failures="0" tests="1" name="packageofamazon.Project_Maven_Amazon.TestCase1" time="32.420" errors="0" timestamp="2025-05-11T21:50:38 IST" skipped="0">
  <testcase classname="packageofamazon.Project_Maven_Amazon.TestCase1" name="logintoamazon_search_logout" time="32.420"/>
</testsuite> <!-- packageofamazon.Project_Maven_Amazon.TestCase1 -->
